<?xml version="1.0" encoding="UTF-8"?>
<testng-results ignored="0" total="2" passed="2" failed="0" skipped="0">
  <reporter-output>
  </reporter-output>
  <suite started-at="2024-07-05T15:59:05 IST" name="Default suite" finished-at="2024-07-05T15:59:09 IST" duration-ms="3968">
    <groups>
    </groups>
    <test started-at="2024-07-05T15:59:05 IST" name="Default test" finished-at="2024-07-05T15:59:09 IST" duration-ms="3968">
      <class name="com.firstTest.ProjectGetAndPost">
        <test-method signature="GETRequest()[pri:0, instance:com.firstTest.ProjectGetAndPost@59309333]" started-at="2024-07-05T15:59:06 IST" name="GETRequest" finished-at="2024-07-05T15:59:09 IST" duration-ms="3799" status="PASS">
          <reporter-output>
          </reporter-output>
        </test-method> <!-- GETRequest -->
        <test-method signature="POStRequest()[pri:0, instance:com.firstTest.ProjectGetAndPost@59309333]" started-at="2024-07-05T15:59:09 IST" name="POStRequest" finished-at="2024-07-05T15:59:09 IST" duration-ms="94" status="PASS">
          <reporter-output>
          </reporter-output>
        </test-method> <!-- POStRequest -->
      </class> <!-- com.firstTest.ProjectGetAndPost -->
    </test> <!-- Default test -->
  </suite> <!-- Default suite -->
</testng-results>
